d:\theseusengineproject\blankproject\intermediate\debug\blankproject.pch
d:\theseusengineproject\blankproject\intermediate\debug\vc143.pdb
d:\theseusengineproject\blankproject\intermediate\debug\vc143.idb
d:\theseusengineproject\blankproject\intermediate\debug\application.obj
d:\theseusengineproject\blankproject\intermediate\debug\pch.obj
d:\theseusengineproject\build\debug\blankproject.exe
d:\theseusengineproject\blankproject\intermediate\debug\blankproject.ilk
d:\theseusengineproject\build\debug\blankproject.pdb
d:\theseusengineproject\blankproject\intermediate\debug\armanengine.res
d:\theseusengineproject\\build\debug\blankproject.pdb
d:\theseusengineproject\\blankproject\intermediate\debug\engineproject_1.vcxproj.filelistabsolute.txt
d:\theseusengineproject\blankproject\intermediate\debug\blankproject.tlog\cl.command.1.tlog
d:\theseusengineproject\blankproject\intermediate\debug\blankproject.tlog\cl.read.1.tlog
d:\theseusengineproject\blankproject\intermediate\debug\blankproject.tlog\cl.write.1.tlog
d:\theseusengineproject\blankproject\intermediate\debug\blankproject.tlog\link.command.1.tlog
d:\theseusengineproject\blankproject\intermediate\debug\blankproject.tlog\link.read.1.tlog
d:\theseusengineproject\blankproject\intermediate\debug\blankproject.tlog\link.write.1.tlog
d:\theseusengineproject\blankproject\intermediate\debug\blankproject.tlog\rc.command.1.tlog
d:\theseusengineproject\blankproject\intermediate\debug\blankproject.tlog\rc.read.1.tlog
d:\theseusengineproject\blankproject\intermediate\debug\blankproject.tlog\rc.write.1.tlog
