d:\theseusengineproject\theseusengine\intermediate\debug\theseusengine.pch
d:\theseusengineproject\theseusengine\intermediate\debug\vc143.pdb
d:\theseusengineproject\theseusengine\intermediate\debug\vc143.idb
d:\theseusengineproject\theseusengine\intermediate\debug\subobject.obj
d:\theseusengineproject\theseusengine\intermediate\debug\window.obj
d:\theseusengineproject\theseusengine\intermediate\debug\cmdlineargs.obj
d:\theseusengineproject\theseusengine\intermediate\debug\logger.obj
d:\theseusengineproject\theseusengine\intermediate\debug\time.obj
d:\theseusengineproject\theseusengine\intermediate\debug\core.obj
d:\theseusengineproject\theseusengine\intermediate\debug\coredefinitions.obj
d:\theseusengineproject\theseusengine\intermediate\debug\coreminimal.obj
d:\theseusengineproject\theseusengine\intermediate\debug\pergamesettings.obj
d:\theseusengineproject\theseusengine\intermediate\debug\simulation.obj
d:\theseusengineproject\theseusengine\intermediate\debug\splashscreen.obj
d:\theseusengineproject\theseusengine\intermediate\debug\tengine.obj
d:\theseusengineproject\theseusengine\intermediate\debug\iapplication.obj
d:\theseusengineproject\theseusengine\intermediate\debug\win32utils.obj
d:\theseusengineproject\theseusengine\intermediate\debug\theseus.obj
d:\theseusengineproject\theseusengine\intermediate\debug\w32caption.obj
d:\theseusengineproject\build\debug\theseusengine.dll
d:\theseusengineproject\theseusengine\intermediate\debug\theseusengine.ilk
d:\theseusengineproject\build\debug\theseusengine.pdb
d:\theseusengineproject\build\debug\theseusengine.lib
d:\theseusengineproject\build\debug\theseusengine.exp
d:\theseusengineproject\\build\debug\theseusengine.pdb
d:\theseusengineproject\\theseusengine\intermediate\debug\theseus.vcxproj.filelistabsolute.txt
d:\theseusengineproject\theseusengine\intermediate\debug\theseusengine.tlog\cl.command.1.tlog
d:\theseusengineproject\theseusengine\intermediate\debug\theseusengine.tlog\cl.read.1.tlog
d:\theseusengineproject\theseusengine\intermediate\debug\theseusengine.tlog\cl.write.1.tlog
d:\theseusengineproject\theseusengine\intermediate\debug\theseusengine.tlog\link.command.1.tlog
d:\theseusengineproject\theseusengine\intermediate\debug\theseusengine.tlog\link.read.1.tlog
d:\theseusengineproject\theseusengine\intermediate\debug\theseusengine.tlog\link.write.1.tlog
d:\theseusengineproject\theseusengine\intermediate\debug\theseusengine.tlog\theseusengine.write.1u.tlog
